<?xml version="1.0" encoding="UTF-8"?>
<!-- Generated by org.testng.reporters.JUnitXMLReporter -->
<testsuite hostname="DESKTOP-9008Q1N" ignored="0" name="Command line test" tests="1" failures="0" timestamp="2021-05-12T13:05:20 IST" time="0.084" errors="0">
  <testcase name="@BeforeMethod setup" time="0.01" classname="com.qa.myntra.testcases.LoginPageTest">
    <failure type="java.lang.NullPointerException">
      <![CDATA[java.lang.NullPointerException
at com.qa.myntra.base.Baseclass.initialisation(Baseclass.java:43)
at com.qa.myntra.testcases.LoginPageTest.setup(LoginPageTest.java:20)
at java.util.ArrayList.forEach(ArrayList.java:1249)
... Removed 40 stack frames]]>
    </failure>
  </testcase> <!-- @BeforeMethod setup -->
  <testcase name="@AfterMethod teardown" time="-1.620804919908E9" classname="com.qa.myntra.testcases.LoginPageTest">
    <skipped/>
  </testcase> <!-- @AfterMethod teardown -->
  <testcase name="loginTest" time="0.0" classname="com.qa.myntra.testcases.LoginPageTest">
    <skipped/>
  </testcase> <!-- loginTest -->
</testsuite> <!-- Command line test -->
